  mandlebrot.cpp
C:\Users\user\source\repos\mandelbrot\mandelbrot\mandlebrot.cpp(15,58): warning C4305: 'initializing': truncation from '__int64' to 'float'
C:\Users\user\source\repos\mandelbrot\mandelbrot\mandlebrot.cpp(102,15): warning C4244: '=': conversion from 'long' to 'unsigned char', possible loss of data
C:\Users\user\source\repos\mandelbrot\mandelbrot\mandlebrot.cpp(117,19): warning C4244: '=': conversion from 'long' to 'short', possible loss of data
C:\Users\user\source\repos\mandelbrot\mandelbrot\mandlebrot.cpp(124,20): warning C4244: '=': conversion from 'long' to 'short', possible loss of data
C:\Users\user\source\repos\mandelbrot\mandelbrot\mandlebrot.cpp(179,63): warning C4267: 'argument': conversion from 'size_t' to 'int', possible loss of data
C:\Users\user\source\repos\mandelbrot\mandelbrot\mandlebrot.cpp(183,64): warning C4267: 'argument': conversion from 'size_t' to 'int', possible loss of data
C:\Users\user\source\repos\mandelbrot\mandelbrot\mandlebrot.cpp(188,64): warning C4267: 'argument': conversion from 'size_t' to 'int', possible loss of data
C:\Users\user\source\repos\mandelbrot\mandelbrot\mandlebrot.cpp(193,64): warning C4267: 'argument': conversion from 'size_t' to 'int', possible loss of data
C:\Users\user\source\repos\mandelbrot\mandelbrot\mandlebrot.cpp(170,63): warning C4390: ';': empty controlled statement found; is this the intent?
C:\Users\user\source\repos\mandelbrot\mandelbrot\mandlebrot.cpp(320,57): warning C4305: '*=': truncation from 'double' to 'float'
C:\Users\user\source\repos\mandelbrot\mandelbrot\mandlebrot.cpp(321,57): warning C4305: '/=': truncation from 'double' to 'float'
C:\Users\user\source\repos\mandelbrot\mandelbrot\mandlebrot.cpp(374,8): warning C4244: 'argument': conversion from 'long double' to 'Uint8', possible loss of data
C:\Users\user\source\repos\mandelbrot\mandelbrot\mandlebrot.cpp(373,8): warning C4244: 'argument': conversion from 'long double' to 'Uint8', possible loss of data
C:\Users\user\source\repos\mandelbrot\mandelbrot\mandlebrot.cpp(372,8): warning C4244: 'argument': conversion from 'long double' to 'Uint8', possible loss of data
C:\Program Files\Microsoft Visual Studio\2022\Community\VC\Tools\MSVC\14.30.30705\include\type_traits(1488,98): warning C4244: 'argument': conversion from 'double' to 'unsigned short', possible loss of data
C:\Program Files\Microsoft Visual Studio\2022\Community\VC\Tools\MSVC\14.30.30705\include\thread(51): message : see reference to function template instantiation 'void std::invoke<void(__cdecl *)(unsigned short,unsigned short),int,double>(_Callable &&,_Ty1 &&,double &&) noexcept(false)' being compiled
          with
          [
              _Callable=void (__cdecl *)(unsigned short,unsigned short),
              _Ty1=int
          ]
C:\Program Files\Microsoft Visual Studio\2022\Community\VC\Tools\MSVC\14.30.30705\include\thread(61): message : see reference to function template instantiation 'unsigned int std::thread::_Invoke<_Tuple,0,1,2>(void *) noexcept' being compiled
          with
          [
              _Tuple=_Tuple
          ]
C:\Program Files\Microsoft Visual Studio\2022\Community\VC\Tools\MSVC\14.30.30705\include\thread(66): message : see reference to function template instantiation 'unsigned int (__cdecl *std::thread::_Get_invoke<_Tuple,0,1,2>(std::integer_sequence<size_t,0,1,2>) noexcept)(void *)' being compiled
C:\Program Files\Microsoft Visual Studio\2022\Community\VC\Tools\MSVC\14.30.30705\include\thread(89): message : see reference to function template instantiation 'void std::thread::_Start<void(__cdecl &)(unsigned short,unsigned short),_Ty,double>(_Fn,_Ty &&,double &&)' being compiled
          with
          [
              _Ty=int,
              _Fn=void (__cdecl &)(unsigned short,unsigned short)
          ]
C:\Users\user\source\repos\mandelbrot\mandelbrot\mandlebrot.cpp(200): message : see reference to function template instantiation 'std::thread::thread<void(__cdecl &)(unsigned short,unsigned short),int,double,0>(_Fn,int &&,double &&)' being compiled
          with
          [
              _Fn=void (__cdecl &)(unsigned short,unsigned short)
          ]
C:\Program Files\Microsoft Visual Studio\2022\Community\VC\Tools\MSVC\14.30.30705\include\type_traits(1488,67): warning C4244: 'argument': conversion from '_Ty1' to 'unsigned short', possible loss of data
          with
          [
              _Ty1=double
          ]
  Generating code
  Previous IPDB not found, fall back to full compilation.
  All 345 functions were compiled because no usable IPDB/IOBJ from previous compilation was found.
  Finished generating code
  mandelbrot.vcxproj -> C:\Users\user\source\repos\mandelbrot\x64\Release\mandelbrot.exe
